{"/home/ilya/hexlet/frontend-project-lvl2/frontend-project-lvl2/index.js": {"path":"/home/ilya/hexlet/frontend-project-lvl2/frontend-project-lvl2/index.js","all":false,"statementMap":{"0":{"start":{"line":1,"column":0},"end":{"line":1,"column":28}},"1":{"start":{"line":2,"column":0},"end":{"line":2,"column":31}},"2":{"start":{"line":3,"column":0},"end":{"line":3,"column":33}},"3":{"start":{"line":4,"column":0},"end":{"line":4,"column":23}},"4":{"start":{"line":5,"column":0},"end":{"line":5,"column":20}},"5":{"start":{"line":6,"column":0},"end":{"line":6,"column":36}},"6":{"start":{"line":7,"column":0},"end":{"line":7,"column":24}},"7":{"start":{"line":8,"column":0},"end":{"line":8,"column":31}},"8":{"start":{"line":9,"column":0},"end":{"line":9,"column":50}},"9":{"start":{"line":10,"column":0},"end":{"line":10,"column":38}},"10":{"start":{"line":11,"column":0},"end":{"line":11,"column":0}},"11":{"start":{"line":12,"column":0},"end":{"line":12,"column":0}},"12":{"start":{"line":13,"column":0},"end":{"line":13,"column":35}},"13":{"start":{"line":14,"column":0},"end":{"line":14,"column":0}},"14":{"start":{"line":15,"column":0},"end":{"line":15,"column":91}},"15":{"start":{"line":16,"column":0},"end":{"line":16,"column":91}},"16":{"start":{"line":17,"column":0},"end":{"line":17,"column":4}},"17":{"start":{"line":18,"column":0},"end":{"line":18,"column":81}},"18":{"start":{"line":19,"column":0},"end":{"line":19,"column":20}},"19":{"start":{"line":20,"column":0},"end":{"line":20,"column":4}},"20":{"start":{"line":21,"column":0},"end":{"line":21,"column":35}},"21":{"start":{"line":22,"column":0},"end":{"line":22,"column":37}},"22":{"start":{"line":23,"column":0},"end":{"line":23,"column":27}},"23":{"start":{"line":24,"column":0},"end":{"line":24,"column":32}},"24":{"start":{"line":25,"column":0},"end":{"line":25,"column":5}},"25":{"start":{"line":26,"column":0},"end":{"line":26,"column":37}},"26":{"start":{"line":27,"column":0},"end":{"line":27,"column":27}},"27":{"start":{"line":28,"column":0},"end":{"line":28,"column":32}},"28":{"start":{"line":29,"column":0},"end":{"line":29,"column":5}},"29":{"start":{"line":30,"column":0},"end":{"line":30,"column":94}},"30":{"start":{"line":31,"column":0},"end":{"line":31,"column":27}},"31":{"start":{"line":32,"column":0},"end":{"line":32,"column":32}},"32":{"start":{"line":33,"column":0},"end":{"line":33,"column":5}},"33":{"start":{"line":34,"column":0},"end":{"line":34,"column":94}},"34":{"start":{"line":35,"column":0},"end":{"line":35,"column":27}},"35":{"start":{"line":36,"column":0},"end":{"line":36,"column":31}},"36":{"start":{"line":37,"column":0},"end":{"line":37,"column":32}},"37":{"start":{"line":38,"column":0},"end":{"line":38,"column":5}},"38":{"start":{"line":39,"column":0},"end":{"line":39,"column":5}},"39":{"start":{"line":40,"column":0},"end":{"line":40,"column":29}},"40":{"start":{"line":41,"column":0},"end":{"line":41,"column":24}},"41":{"start":{"line":42,"column":0},"end":{"line":42,"column":18}},"42":{"start":{"line":43,"column":0},"end":{"line":43,"column":2}},"43":{"start":{"line":44,"column":0},"end":{"line":44,"column":0}},"44":{"start":{"line":45,"column":0},"end":{"line":45,"column":23}},"45":{"start":{"line":46,"column":0},"end":{"line":46,"column":0}},"46":{"start":{"line":47,"column":0},"end":{"line":47,"column":27}}},"s":{"0":1,"1":1,"2":1,"3":1,"4":1,"5":1,"6":1,"7":1,"8":1,"9":2,"10":2,"11":2,"12":2,"13":2,"14":2,"15":2,"16":2,"17":2,"18":9,"19":2,"20":2,"21":9,"22":9,"23":1,"24":1,"25":9,"26":9,"27":9,"28":6,"29":9,"30":9,"31":9,"32":6,"33":9,"34":2,"35":2,"36":2,"37":1,"38":1,"39":1,"40":1,"41":1,"42":1,"43":1,"44":1,"45":1,"46":1},"branchMap":{"0":{"type":"branch","line":9,"loc":{"start":{"line":9,"column":19},"end":{"line":37,"column":32}},"locations":[{"start":{"line":9,"column":19},"end":{"line":37,"column":32}}]},"1":{"type":"branch","line":18,"loc":{"start":{"line":18,"column":52},"end":{"line":35,"column":23}},"locations":[{"start":{"line":18,"column":52},"end":{"line":35,"column":23}}]},"2":{"type":"branch","line":19,"loc":{"start":{"line":19,"column":8},"end":{"line":22,"column":30}},"locations":[{"start":{"line":19,"column":8},"end":{"line":22,"column":30}}]},"3":{"type":"branch","line":23,"loc":{"start":{"line":23,"column":23},"end":{"line":26,"column":30}},"locations":[{"start":{"line":23,"column":23},"end":{"line":26,"column":30}}]},"4":{"type":"branch","line":27,"loc":{"start":{"line":27,"column":17},"end":{"line":28,"column":25}},"locations":[{"start":{"line":27,"column":17},"end":{"line":28,"column":25}}]},"5":{"type":"branch","line":28,"loc":{"start":{"line":28,"column":20},"end":{"line":30,"column":13}},"locations":[{"start":{"line":28,"column":20},"end":{"line":30,"column":13}}]},"6":{"type":"branch","line":30,"loc":{"start":{"line":30,"column":8},"end":{"line":30,"column":71}},"locations":[{"start":{"line":30,"column":8},"end":{"line":30,"column":71}}]},"7":{"type":"branch","line":31,"loc":{"start":{"line":31,"column":17},"end":{"line":32,"column":25}},"locations":[{"start":{"line":31,"column":17},"end":{"line":32,"column":25}}]},"8":{"type":"branch","line":32,"loc":{"start":{"line":32,"column":20},"end":{"line":34,"column":13}},"locations":[{"start":{"line":32,"column":20},"end":{"line":34,"column":13}}]},"9":{"type":"branch","line":34,"loc":{"start":{"line":34,"column":8},"end":{"line":35,"column":17}},"locations":[{"start":{"line":34,"column":8},"end":{"line":35,"column":17}}]}},"b":{"0":[2],"1":[9],"2":[2],"3":[1],"4":[8],"5":[6],"6":[5],"7":[8],"8":[6],"9":[1]},"fnMap":{"0":{"name":"compare","decl":{"start":{"line":9,"column":19},"end":{"line":37,"column":32}},"loc":{"start":{"line":9,"column":19},"end":{"line":37,"column":32}},"line":9}},"f":{"0":2}}
}
