TN:
SF:index.js
FN:9,compare
FNF:1
FNH:1
FNDA:2,compare
DA:1,1
DA:2,1
DA:3,1
DA:4,1
DA:5,1
DA:6,1
DA:7,1
DA:8,1
DA:9,1
DA:10,2
DA:11,2
DA:12,2
DA:13,2
DA:14,2
DA:15,2
DA:16,2
DA:17,2
DA:18,2
DA:19,9
DA:20,2
DA:21,2
DA:22,9
DA:23,9
DA:24,1
DA:25,1
DA:26,9
DA:27,9
DA:28,9
DA:29,6
DA:30,9
DA:31,9
DA:32,9
DA:33,6
DA:34,9
DA:35,2
DA:36,2
DA:37,2
DA:38,1
DA:39,1
DA:40,1
DA:41,1
DA:42,1
DA:43,1
DA:44,1
DA:45,1
DA:46,1
DA:47,1
LF:47
LH:47
BRDA:9,0,0,2
BRDA:18,1,0,9
BRDA:19,2,0,2
BRDA:23,3,0,1
BRDA:27,4,0,8
BRDA:28,5,0,6
BRDA:30,6,0,5
BRDA:31,7,0,8
BRDA:32,8,0,6
BRDA:34,9,0,1
BRF:10
BRH:10
end_of_record
